{"/home/gus/thecodergus.github.io/src/types.ts": {"path":"/home/gus/thecodergus.github.io/src/types.ts","statementMap":{"0":{"start":{"line":161,"column":7},"end":{"line":161,"column":null}},"1":{"start":{"line":162,"column":2},"end":{"line":162,"column":null}},"2":{"start":{"line":163,"column":2},"end":{"line":163,"column":null}},"3":{"start":{"line":161,"column":12},"end":{"line":161,"column":null}}},"fnMap":{"0":{"name":"(anonymous_0)","decl":{"start":{"line":161,"column":7},"end":{"line":161,"column":12}},"loc":{"start":{"line":161,"column":7},"end":{"line":161,"column":null}},"line":161}},"branchMap":{"0":{"loc":{"start":{"line":161,"column":12},"end":{"line":161,"column":null}},"type":"binary-expr","locations":[{"start":{"line":161,"column":12},"end":{"line":161,"column":null}},{"start":{"line":161,"column":12},"end":{"line":161,"column":null}}],"line":161}},"s":{"0":19,"1":19,"2":19,"3":19},"f":{"0":19},"b":{"0":[19,19]},"meta":{"lastBranch":1,"lastFunction":1,"lastStatement":4,"seen":{"s:161:7:161:Infinity":0,"f:161:7:161:12":0,"s:162:2:162:Infinity":1,"s:163:2:163:Infinity":2,"s:161:12:161:Infinity":3,"b:161:12:161:Infinity:161:12:161:Infinity":0}}}
,"/home/gus/thecodergus.github.io/src/components/I18nErrorBanner.tsx": {"path":"/home/gus/thecodergus.github.io/src/components/I18nErrorBanner.tsx","statementMap":{"0":{"start":{"line":7,"column":24},"end":{"line":34,"column":null}},"1":{"start":{"line":8,"column":21},"end":{"line":8,"column":null}},"2":{"start":{"line":9,"column":32},"end":{"line":9,"column":null}},"3":{"start":{"line":11,"column":2},"end":{"line":29,"column":null}},"4":{"start":{"line":12,"column":14},"end":{"line":12,"column":44}},"5":{"start":{"line":12,"column":16},"end":{"line":12,"column":28}},"6":{"start":{"line":12,"column":44},"end":{"line":12,"column":null}},"7":{"start":{"line":12,"column":44},"end":{"line":17,"column":null}},"8":{"start":{"line":17,"column":31},"end":{"line":19,"column":null}},"9":{"start":{"line":19,"column":68},"end":{"line":25,"column":43}},"10":{"start":{"line":25,"column":25},"end":{"line":25,"column":43}},"11":{"start":{"line":25,"column":43},"end":{"line":29,"column":null}},"12":{"start":{"line":29,"column":21},"end":{"line":29,"column":null}},"13":{"start":{"line":34,"column":1},"end":{"line":34,"column":null}}},"fnMap":{"0":{"name":"I18nErrorBanner2","decl":{"start":{"line":7,"column":24},"end":{"line":7,"column":39}},"loc":{"start":{"line":7,"column":42},"end":{"line":34,"column":1}},"line":7},"1":{"name":"(anonymous_1)","decl":{"start":{"line":12,"column":10},"end":{"line":12,"column":14}},"loc":{"start":{"line":12,"column":14},"end":{"line":12,"column":null}},"line":12},"2":{"name":"(anonymous_2)","decl":{"start":{"line":12,"column":16},"end":{"line":12,"column":27}},"loc":{"start":{"line":12,"column":16},"end":{"line":12,"column":28}},"line":12},"3":{"name":"(anonymous_3)","decl":{"start":{"line":12,"column":44},"end":{"line":12,"column":null}},"loc":{"start":{"line":12,"column":44},"end":{"line":29,"column":null}},"line":12},"4":{"name":"(anonymous_4)","decl":{"start":{"line":25,"column":19},"end":{"line":25,"column":25}},"loc":{"start":{"line":25,"column":25},"end":{"line":25,"column":43}},"line":25}},"branchMap":{"0":{"loc":{"start":{"line":12,"column":14},"end":{"line":12,"column":44}},"type":"binary-expr","locations":[{"start":{"line":12,"column":14},"end":{"line":12,"column":32}},{"start":{"line":12,"column":32},"end":{"line":12,"column":44}}],"line":12},"1":{"loc":{"start":{"line":34,"column":1},"end":{"line":34,"column":null}},"type":"if","locations":[{"start":{"line":34,"column":1},"end":{"line":34,"column":null}},{"start":{},"end":{}}],"line":34}},"s":{"0":1,"1":4,"2":4,"3":4,"4":6,"5":7,"6":3,"7":3,"8":3,"9":3,"10":1,"11":3,"12":3,"13":1},"f":{"0":4,"1":6,"2":7,"3":3,"4":1},"b":{"0":[6,4],"1":[1,0]},"meta":{"lastBranch":2,"lastFunction":5,"lastStatement":14,"seen":{"s:7:24:34:Infinity":0,"f:7:24:7:39":0,"s:8:21:8:Infinity":1,"s:9:32:9:Infinity":2,"s:11:2:29:Infinity":3,"f:12:10:12:14":1,"s:12:14:12:44":4,"b:12:14:12:32:12:32:12:44":0,"f:12:16:12:27":2,"s:12:16:12:28":5,"f:12:44:12:Infinity":3,"s:12:44:12:Infinity":6,"s:12:44:17:Infinity":7,"s:17:31:19:Infinity":8,"s:19:68:25:43":9,"f:25:19:25:25":4,"s:25:25:25:43":10,"s:25:43:29:Infinity":11,"s:29:21:29:Infinity":12,"b:34:1:34:Infinity:undefined:undefined:undefined:undefined":1,"s:34:1:34:Infinity":13}}}
,"/home/gus/thecodergus.github.io/src/engine/math.ts": {"path":"/home/gus/thecodergus.github.io/src/engine/math.ts","statementMap":{"0":{"start":{"line":9,"column":19},"end":{"line":9,"column":null}},"1":{"start":{"line":13,"column":20},"end":{"line":14,"column":null}},"2":{"start":{"line":14,"column":2},"end":{"line":14,"column":null}},"3":{"start":{"line":16,"column":20},"end":{"line":17,"column":null}},"4":{"start":{"line":17,"column":2},"end":{"line":17,"column":null}},"5":{"start":{"line":21,"column":19},"end":{"line":22,"column":null}},"6":{"start":{"line":22,"column":2},"end":{"line":22,"column":null}},"7":{"start":{"line":24,"column":19},"end":{"line":25,"column":null}},"8":{"start":{"line":25,"column":2},"end":{"line":25,"column":null}},"9":{"start":{"line":27,"column":21},"end":{"line":28,"column":null}},"10":{"start":{"line":28,"column":2},"end":{"line":28,"column":null}},"11":{"start":{"line":30,"column":19},"end":{"line":31,"column":null}},"12":{"start":{"line":31,"column":2},"end":{"line":31,"column":null}},"13":{"start":{"line":33,"column":25},"end":{"line":36,"column":null}},"14":{"start":{"line":34,"column":14},"end":{"line":34,"column":null}},"15":{"start":{"line":35,"column":2},"end":{"line":35,"column":null}},"16":{"start":{"line":40,"column":19},"end":{"line":41,"column":null}},"17":{"start":{"line":41,"column":2},"end":{"line":41,"column":null}},"18":{"start":{"line":43,"column":22},"end":{"line":44,"column":null}},"19":{"start":{"line":44,"column":2},"end":{"line":44,"column":null}},"20":{"start":{"line":46,"column":20},"end":{"line":47,"column":null}},"21":{"start":{"line":47,"column":2},"end":{"line":47,"column":null}},"22":{"start":{"line":49,"column":22},"end":{"line":54,"column":null}},"23":{"start":{"line":50,"column":13},"end":{"line":50,"column":null}},"24":{"start":{"line":51,"column":13},"end":{"line":51,"column":null}},"25":{"start":{"line":52,"column":13},"end":{"line":52,"column":null}},"26":{"start":{"line":53,"column":2},"end":{"line":53,"column":null}},"27":{"start":{"line":58,"column":20},"end":{"line":59,"column":null}},"28":{"start":{"line":59,"column":2},"end":{"line":59,"column":null}},"29":{"start":{"line":61,"column":24},"end":{"line":62,"column":null}},"30":{"start":{"line":62,"column":2},"end":{"line":62,"column":null}},"31":{"start":{"line":64,"column":25},"end":{"line":79,"column":null}},"32":{"start":{"line":67,"column":13},"end":{"line":67,"column":null}},"33":{"start":{"line":68,"column":13},"end":{"line":68,"column":null}},"34":{"start":{"line":69,"column":14},"end":{"line":69,"column":null}},"35":{"start":{"line":70,"column":14},"end":{"line":70,"column":null}},"36":{"start":{"line":71,"column":13},"end":{"line":71,"column":null}},"37":{"start":{"line":72,"column":14},"end":{"line":72,"column":null}},"38":{"start":{"line":73,"column":14},"end":{"line":73,"column":null}},"39":{"start":{"line":74,"column":13},"end":{"line":74,"column":null}},"40":{"start":{"line":75,"column":13},"end":{"line":75,"column":null}},"41":{"start":{"line":76,"column":13},"end":{"line":76,"column":null}},"42":{"start":{"line":77,"column":13},"end":{"line":77,"column":null}},"43":{"start":{"line":78,"column":2},"end":{"line":78,"column":null}},"44":{"start":{"line":83,"column":21},"end":{"line":84,"column":null}},"45":{"start":{"line":84,"column":2},"end":{"line":84,"column":null}},"46":{"start":{"line":86,"column":23},"end":{"line":87,"column":null}},"47":{"start":{"line":87,"column":2},"end":{"line":87,"column":null}},"48":{"start":{"line":91,"column":26},"end":{"line":94,"column":null}},"49":{"start":{"line":92,"column":12},"end":{"line":92,"column":null}},"50":{"start":{"line":93,"column":2},"end":{"line":93,"column":null}},"51":{"start":{"line":96,"column":30},"end":{"line":97,"column":null}},"52":{"start":{"line":97,"column":2},"end":{"line":97,"column":null}},"53":{"start":{"line":99,"column":27},"end":{"line":100,"column":null}},"54":{"start":{"line":100,"column":2},"end":{"line":100,"column":null}},"55":{"start":{"line":102,"column":29},"end":{"line":103,"column":null}},"56":{"start":{"line":103,"column":2},"end":{"line":103,"column":null}},"57":{"start":{"line":107,"column":11},"end":{"line":107,"column":null}},"58":{"start":{"line":109,"column":23},"end":{"line":111,"column":null}},"59":{"start":{"line":110,"column":2},"end":{"line":110,"column":null}},"60":{"start":{"line":113,"column":22},"end":{"line":116,"column":null}},"61":{"start":{"line":114,"column":2},"end":{"line":114,"column":null}},"62":{"start":{"line":115,"column":2},"end":{"line":115,"column":null}},"63":{"start":{"line":118,"column":27},"end":{"line":119,"column":null}},"64":{"start":{"line":119,"column":2},"end":{"line":119,"column":null}},"65":{"start":{"line":121,"column":25},"end":{"line":122,"column":null}},"66":{"start":{"line":122,"column":2},"end":{"line":122,"column":null}},"67":{"start":{"line":124,"column":26},"end":{"line":129,"column":null}},"68":{"start":{"line":125,"column":2},"end":{"line":129,"column":null}},"69":{"start":{"line":131,"column":30},"end":{"line":139,"column":null}},"70":{"start":{"line":132,"column":16},"end":{"line":132,"column":null}},"71":{"start":{"line":133,"column":14},"end":{"line":133,"column":null}},"72":{"start":{"line":134,"column":2},"end":{"line":138,"column":null}},"73":{"start":{"line":143,"column":24},"end":{"line":143,"column":null}},"74":{"start":{"line":143,"column":49},"end":{"line":143,"column":null}},"75":{"start":{"line":145,"column":24},"end":{"line":145,"column":null}},"76":{"start":{"line":145,"column":49},"end":{"line":145,"column":null}},"77":{"start":{"line":149,"column":21},"end":{"line":150,"column":null}},"78":{"start":{"line":150,"column":2},"end":{"line":150,"column":null}},"79":{"start":{"line":150,"column":38},"end":{"line":150,"column":39}},"80":{"start":{"line":152,"column":28},"end":{"line":153,"column":null}},"81":{"start":{"line":153,"column":2},"end":{"line":153,"column":null}},"82":{"start":{"line":153,"column":48},"end":{"line":153,"column":57}},"83":{"start":{"line":155,"column":22},"end":{"line":156,"column":null}},"84":{"start":{"line":156,"column":2},"end":{"line":156,"column":null}},"85":{"start":{"line":158,"column":23},"end":{"line":159,"column":null}},"86":{"start":{"line":159,"column":2},"end":{"line":159,"column":null}},"87":{"start":{"line":159,"column":22},"end":{"line":159,"column":36}}},"fnMap":{"0":{"name":"(anonymous_0)","decl":{"start":{"line":13,"column":20},"end":{"line":13,"column":21}},"loc":{"start":{"line":14,"column":2},"end":{"line":14,"column":null}},"line":14},"1":{"name":"(anonymous_1)","decl":{"start":{"line":16,"column":20},"end":{"line":16,"column":21}},"loc":{"start":{"line":17,"column":2},"end":{"line":17,"column":null}},"line":17},"2":{"name":"(anonymous_2)","decl":{"start":{"line":21,"column":19},"end":{"line":21,"column":20}},"loc":{"start":{"line":22,"column":2},"end":{"line":22,"column":null}},"line":22},"3":{"name":"(anonymous_3)","decl":{"start":{"line":24,"column":19},"end":{"line":24,"column":20}},"loc":{"start":{"line":25,"column":2},"end":{"line":25,"column":null}},"line":25},"4":{"name":"(anonymous_4)","decl":{"start":{"line":27,"column":21},"end":{"line":27,"column":22}},"loc":{"start":{"line":28,"column":2},"end":{"line":28,"column":null}},"line":28},"5":{"name":"(anonymous_5)","decl":{"start":{"line":30,"column":19},"end":{"line":30,"column":20}},"loc":{"start":{"line":31,"column":2},"end":{"line":31,"column":null}},"line":31},"6":{"name":"(anonymous_6)","decl":{"start":{"line":33,"column":25},"end":{"line":33,"column":26}},"loc":{"start":{"line":33,"column":44},"end":{"line":36,"column":null}},"line":33},"7":{"name":"(anonymous_7)","decl":{"start":{"line":40,"column":19},"end":{"line":40,"column":20}},"loc":{"start":{"line":41,"column":2},"end":{"line":41,"column":null}},"line":41},"8":{"name":"(anonymous_8)","decl":{"start":{"line":43,"column":22},"end":{"line":43,"column":23}},"loc":{"start":{"line":44,"column":2},"end":{"line":44,"column":null}},"line":44},"9":{"name":"(anonymous_9)","decl":{"start":{"line":46,"column":20},"end":{"line":46,"column":21}},"loc":{"start":{"line":47,"column":2},"end":{"line":47,"column":null}},"line":47},"10":{"name":"(anonymous_10)","decl":{"start":{"line":49,"column":22},"end":{"line":49,"column":23}},"loc":{"start":{"line":49,"column":52},"end":{"line":54,"column":null}},"line":49},"11":{"name":"(anonymous_11)","decl":{"start":{"line":58,"column":20},"end":{"line":58,"column":21}},"loc":{"start":{"line":59,"column":2},"end":{"line":59,"column":null}},"line":59},"12":{"name":"(anonymous_12)","decl":{"start":{"line":61,"column":24},"end":{"line":61,"column":25}},"loc":{"start":{"line":62,"column":2},"end":{"line":62,"column":null}},"line":62},"13":{"name":"(anonymous_13)","decl":{"start":{"line":64,"column":25},"end":{"line":64,"column":26}},"loc":{"start":{"line":64,"column":70},"end":{"line":79,"column":null}},"line":64},"14":{"name":"(anonymous_14)","decl":{"start":{"line":83,"column":21},"end":{"line":83,"column":22}},"loc":{"start":{"line":84,"column":2},"end":{"line":84,"column":null}},"line":84},"15":{"name":"(anonymous_15)","decl":{"start":{"line":86,"column":23},"end":{"line":86,"column":24}},"loc":{"start":{"line":87,"column":2},"end":{"line":87,"column":null}},"line":87},"16":{"name":"(anonymous_16)","decl":{"start":{"line":91,"column":26},"end":{"line":91,"column":27}},"loc":{"start":{"line":91,"column":79},"end":{"line":94,"column":null}},"line":91},"17":{"name":"(anonymous_17)","decl":{"start":{"line":96,"column":30},"end":{"line":96,"column":31}},"loc":{"start":{"line":97,"column":2},"end":{"line":97,"column":null}},"line":97},"18":{"name":"(anonymous_18)","decl":{"start":{"line":99,"column":27},"end":{"line":99,"column":28}},"loc":{"start":{"line":100,"column":2},"end":{"line":100,"column":null}},"line":100},"19":{"name":"(anonymous_19)","decl":{"start":{"line":102,"column":29},"end":{"line":102,"column":30}},"loc":{"start":{"line":103,"column":2},"end":{"line":103,"column":null}},"line":103},"20":{"name":"(anonymous_20)","decl":{"start":{"line":109,"column":23},"end":{"line":109,"column":24}},"loc":{"start":{"line":109,"column":44},"end":{"line":111,"column":null}},"line":109},"21":{"name":"(anonymous_21)","decl":{"start":{"line":113,"column":22},"end":{"line":113,"column":36}},"loc":{"start":{"line":113,"column":36},"end":{"line":116,"column":null}},"line":113},"22":{"name":"(anonymous_22)","decl":{"start":{"line":118,"column":27},"end":{"line":118,"column":28}},"loc":{"start":{"line":119,"column":2},"end":{"line":119,"column":null}},"line":119},"23":{"name":"(anonymous_23)","decl":{"start":{"line":121,"column":25},"end":{"line":121,"column":26}},"loc":{"start":{"line":122,"column":2},"end":{"line":122,"column":null}},"line":122},"24":{"name":"(anonymous_24)","decl":{"start":{"line":124,"column":26},"end":{"line":124,"column":27}},"loc":{"start":{"line":125,"column":2},"end":{"line":129,"column":null}},"line":125},"25":{"name":"(anonymous_25)","decl":{"start":{"line":131,"column":30},"end":{"line":131,"column":31}},"loc":{"start":{"line":131,"column":56},"end":{"line":139,"column":null}},"line":131},"26":{"name":"(anonymous_26)","decl":{"start":{"line":143,"column":24},"end":{"line":143,"column":25}},"loc":{"start":{"line":143,"column":49},"end":{"line":143,"column":null}},"line":143},"27":{"name":"(anonymous_27)","decl":{"start":{"line":145,"column":24},"end":{"line":145,"column":25}},"loc":{"start":{"line":145,"column":49},"end":{"line":145,"column":null}},"line":145},"28":{"name":"(anonymous_28)","decl":{"start":{"line":149,"column":21},"end":{"line":149,"column":22}},"loc":{"start":{"line":150,"column":2},"end":{"line":150,"column":null}},"line":150},"29":{"name":"(anonymous_29)","decl":{"start":{"line":150,"column":28},"end":{"line":150,"column":29}},"loc":{"start":{"line":150,"column":38},"end":{"line":150,"column":39}},"line":150},"30":{"name":"(anonymous_30)","decl":{"start":{"line":152,"column":28},"end":{"line":152,"column":29}},"loc":{"start":{"line":153,"column":2},"end":{"line":153,"column":null}},"line":153},"31":{"name":"(anonymous_31)","decl":{"start":{"line":153,"column":38},"end":{"line":153,"column":39}},"loc":{"start":{"line":153,"column":48},"end":{"line":153,"column":57}},"line":153},"32":{"name":"(anonymous_32)","decl":{"start":{"line":155,"column":22},"end":{"line":155,"column":26}},"loc":{"start":{"line":156,"column":2},"end":{"line":156,"column":null}},"line":156},"33":{"name":"(anonymous_33)","decl":{"start":{"line":158,"column":23},"end":{"line":158,"column":27}},"loc":{"start":{"line":159,"column":2},"end":{"line":159,"column":null}},"line":159},"34":{"name":"(anonymous_34)","decl":{"start":{"line":159,"column":16},"end":{"line":159,"column":22}},"loc":{"start":{"line":159,"column":22},"end":{"line":159,"column":36}},"line":159}},"branchMap":{"0":{"loc":{"start":{"line":35,"column":9},"end":{"line":35,"column":null}},"type":"cond-expr","locations":[{"start":{"line":35,"column":19},"end":{"line":35,"column":39}},{"start":{"line":35,"column":39},"end":{"line":35,"column":null}}],"line":35},"1":{"loc":{"start":{"line":97,"column":2},"end":{"line":97,"column":null}},"type":"cond-expr","locations":[{"start":{"line":97,"column":12},"end":{"line":97,"column":28}},{"start":{"line":97,"column":28},"end":{"line":97,"column":null}}],"line":97}},"s":{"0":2,"1":2,"2":132,"3":2,"4":2,"5":2,"6":3,"7":2,"8":8,"9":2,"10":8,"11":2,"12":3,"13":2,"14":4,"15":4,"16":2,"17":36,"18":2,"19":33,"20":2,"21":5,"22":2,"23":2,"24":2,"25":2,"26":2,"27":2,"28":28,"29":2,"30":4,"31":2,"32":4,"33":4,"34":4,"35":4,"36":4,"37":4,"38":4,"39":4,"40":4,"41":4,"42":4,"43":4,"44":2,"45":13,"46":2,"47":8,"48":2,"49":5,"50":5,"51":2,"52":62,"53":2,"54":4,"55":2,"56":3,"57":2,"58":2,"59":13,"60":2,"61":569,"62":569,"63":2,"64":376,"65":2,"66":261,"67":2,"68":21,"69":2,"70":21,"71":21,"72":21,"73":2,"74":2,"75":2,"76":2,"77":2,"78":3,"79":6,"80":2,"81":2,"82":4,"83":2,"84":11,"85":2,"86":3,"87":21},"f":{"0":132,"1":2,"2":3,"3":8,"4":8,"5":3,"6":4,"7":36,"8":33,"9":5,"10":2,"11":28,"12":4,"13":4,"14":13,"15":8,"16":5,"17":62,"18":4,"19":3,"20":13,"21":569,"22":376,"23":261,"24":21,"25":21,"26":2,"27":2,"28":3,"29":6,"30":2,"31":4,"32":11,"33":3,"34":21},"b":{"0":[3,1],"1":[15,47]},"meta":{"lastBranch":2,"lastFunction":35,"lastStatement":88,"seen":{"s:9:19:9:Infinity":0,"s:13:20:14:Infinity":1,"f:13:20:13:21":0,"s:14:2:14:Infinity":2,"s:16:20:17:Infinity":3,"f:16:20:16:21":1,"s:17:2:17:Infinity":4,"s:21:19:22:Infinity":5,"f:21:19:21:20":2,"s:22:2:22:Infinity":6,"s:24:19:25:Infinity":7,"f:24:19:24:20":3,"s:25:2:25:Infinity":8,"s:27:21:28:Infinity":9,"f:27:21:27:22":4,"s:28:2:28:Infinity":10,"s:30:19:31:Infinity":11,"f:30:19:30:20":5,"s:31:2:31:Infinity":12,"s:33:25:36:Infinity":13,"f:33:25:33:26":6,"s:34:14:34:Infinity":14,"s:35:2:35:Infinity":15,"b:35:19:35:39:35:39:35:Infinity":0,"s:40:19:41:Infinity":16,"f:40:19:40:20":7,"s:41:2:41:Infinity":17,"s:43:22:44:Infinity":18,"f:43:22:43:23":8,"s:44:2:44:Infinity":19,"s:46:20:47:Infinity":20,"f:46:20:46:21":9,"s:47:2:47:Infinity":21,"s:49:22:54:Infinity":22,"f:49:22:49:23":10,"s:50:13:50:Infinity":23,"s:51:13:51:Infinity":24,"s:52:13:52:Infinity":25,"s:53:2:53:Infinity":26,"s:58:20:59:Infinity":27,"f:58:20:58:21":11,"s:59:2:59:Infinity":28,"s:61:24:62:Infinity":29,"f:61:24:61:25":12,"s:62:2:62:Infinity":30,"s:64:25:79:Infinity":31,"f:64:25:64:26":13,"s:67:13:67:Infinity":32,"s:68:13:68:Infinity":33,"s:69:14:69:Infinity":34,"s:70:14:70:Infinity":35,"s:71:13:71:Infinity":36,"s:72:14:72:Infinity":37,"s:73:14:73:Infinity":38,"s:74:13:74:Infinity":39,"s:75:13:75:Infinity":40,"s:76:13:76:Infinity":41,"s:77:13:77:Infinity":42,"s:78:2:78:Infinity":43,"s:83:21:84:Infinity":44,"f:83:21:83:22":14,"s:84:2:84:Infinity":45,"s:86:23:87:Infinity":46,"f:86:23:86:24":15,"s:87:2:87:Infinity":47,"s:91:26:94:Infinity":48,"f:91:26:91:27":16,"s:92:12:92:Infinity":49,"s:93:2:93:Infinity":50,"s:96:30:97:Infinity":51,"f:96:30:96:31":17,"s:97:2:97:Infinity":52,"b:97:12:97:28:97:28:97:Infinity":1,"s:99:27:100:Infinity":53,"f:99:27:99:28":18,"s:100:2:100:Infinity":54,"s:102:29:103:Infinity":55,"f:102:29:102:30":19,"s:103:2:103:Infinity":56,"s:107:11:107:Infinity":57,"s:109:23:111:Infinity":58,"f:109:23:109:24":20,"s:110:2:110:Infinity":59,"s:113:22:116:Infinity":60,"f:113:22:113:36":21,"s:114:2:114:Infinity":61,"s:115:2:115:Infinity":62,"s:118:27:119:Infinity":63,"f:118:27:118:28":22,"s:119:2:119:Infinity":64,"s:121:25:122:Infinity":65,"f:121:25:121:26":23,"s:122:2:122:Infinity":66,"s:124:26:129:Infinity":67,"f:124:26:124:27":24,"s:125:2:129:Infinity":68,"s:131:30:139:Infinity":69,"f:131:30:131:31":25,"s:132:16:132:Infinity":70,"s:133:14:133:Infinity":71,"s:134:2:138:Infinity":72,"s:143:24:143:Infinity":73,"f:143:24:143:25":26,"s:143:49:143:Infinity":74,"s:145:24:145:Infinity":75,"f:145:24:145:25":27,"s:145:49:145:Infinity":76,"s:149:21:150:Infinity":77,"f:149:21:149:22":28,"s:150:2:150:Infinity":78,"f:150:28:150:29":29,"s:150:38:150:39":79,"s:152:28:153:Infinity":80,"f:152:28:152:29":30,"s:153:2:153:Infinity":81,"f:153:38:153:39":31,"s:153:48:153:57":82,"s:155:22:156:Infinity":83,"f:155:22:155:26":32,"s:156:2:156:Infinity":84,"s:158:23:159:Infinity":85,"f:158:23:158:27":33,"s:159:2:159:Infinity":86,"f:159:16:159:22":34,"s:159:22:159:36":87}}}
,"/home/gus/thecodergus.github.io/src/engine/quality.ts": {"path":"/home/gus/thecodergus.github.io/src/engine/quality.ts","statementMap":{"0":{"start":{"line":26,"column":18},"end":{"line":54,"column":null}},"1":{"start":{"line":27,"column":17},"end":{"line":27,"column":null}},"2":{"start":{"line":28,"column":13},"end":{"line":28,"column":null}},"3":{"start":{"line":29,"column":2},"end":{"line":29,"column":null}},"4":{"start":{"line":31,"column":2},"end":{"line":38,"column":null}},"5":{"start":{"line":32,"column":4},"end":{"line":37,"column":null}},"6":{"start":{"line":40,"column":20},"end":{"line":40,"column":null}},"7":{"start":{"line":41,"column":19},"end":{"line":43,"column":null}},"8":{"start":{"line":45,"column":23},"end":{"line":45,"column":null}},"9":{"start":{"line":46,"column":21},"end":{"line":46,"column":null}},"10":{"start":{"line":48,"column":2},"end":{"line":53,"column":null}},"11":{"start":{"line":60,"column":21},"end":{"line":66,"column":null}},"12":{"start":{"line":61,"column":18},"end":{"line":61,"column":null}},"13":{"start":{"line":62,"column":2},"end":{"line":64,"column":null}},"14":{"start":{"line":63,"column":4},"end":{"line":63,"column":null}},"15":{"start":{"line":65,"column":2},"end":{"line":65,"column":null}},"16":{"start":{"line":70,"column":36},"end":{"line":110,"column":null}},"17":{"start":{"line":71,"column":14},"end":{"line":71,"column":null}},"18":{"start":{"line":74,"column":2},"end":{"line":87,"column":null}},"19":{"start":{"line":79,"column":4},"end":{"line":86,"column":null}},"20":{"start":{"line":90,"column":2},"end":{"line":99,"column":null}},"21":{"start":{"line":91,"column":4},"end":{"line":98,"column":null}},"22":{"start":{"line":102,"column":2},"end":{"line":109,"column":null}}},"fnMap":{"0":{"name":"(anonymous_0)","decl":{"start":{"line":26,"column":18},"end":{"line":26,"column":33}},"loc":{"start":{"line":26,"column":33},"end":{"line":54,"column":null}},"line":26},"1":{"name":"(anonymous_1)","decl":{"start":{"line":60,"column":21},"end":{"line":60,"column":36}},"loc":{"start":{"line":60,"column":36},"end":{"line":66,"column":null}},"line":60},"2":{"name":"(anonymous_2)","decl":{"start":{"line":70,"column":36},"end":{"line":70,"column":57}},"loc":{"start":{"line":70,"column":57},"end":{"line":110,"column":null}},"line":70}},"branchMap":{"0":{"loc":{"start":{"line":31,"column":2},"end":{"line":38,"column":null}},"type":"if","locations":[{"start":{"line":31,"column":2},"end":{"line":38,"column":null}},{"start":{},"end":{}}],"line":31},"1":{"loc":{"start":{"line":41,"column":19},"end":{"line":43,"column":null}},"type":"cond-expr","locations":[{"start":{"line":41,"column":19},"end":{"line":42,"column":null}},{"start":{"line":43,"column":6},"end":{"line":43,"column":null}}],"line":41},"2":{"loc":{"start":{"line":42,"column":7},"end":{"line":42,"column":65}},"type":"binary-expr","locations":[{"start":{"line":42,"column":7},"end":{"line":42,"column":61}},{"start":{"line":42,"column":61},"end":{"line":42,"column":65}}],"line":42},"3":{"loc":{"start":{"line":62,"column":2},"end":{"line":64,"column":null}},"type":"if","locations":[{"start":{"line":62,"column":2},"end":{"line":64,"column":null}},{"start":{},"end":{}}],"line":62},"4":{"loc":{"start":{"line":62,"column":6},"end":{"line":62,"column":42}},"type":"binary-expr","locations":[{"start":{"line":62,"column":6},"end":{"line":62,"column":30}},{"start":{"line":62,"column":30},"end":{"line":62,"column":42}}],"line":62},"5":{"loc":{"start":{"line":74,"column":2},"end":{"line":87,"column":null}},"type":"if","locations":[{"start":{"line":74,"column":2},"end":{"line":87,"column":null}},{"start":{},"end":{}}],"line":74},"6":{"loc":{"start":{"line":75,"column":4},"end":{"line":77,"column":null}},"type":"binary-expr","locations":[{"start":{"line":75,"column":4},"end":{"line":75,"column":null}},{"start":{"line":76,"column":5},"end":{"line":76,"column":25}},{"start":{"line":76,"column":25},"end":{"line":76,"column":null}},{"start":{"line":77,"column":5},"end":{"line":77,"column":23}},{"start":{"line":77,"column":23},"end":{"line":77,"column":null}}],"line":75},"7":{"loc":{"start":{"line":90,"column":2},"end":{"line":99,"column":null}},"type":"if","locations":[{"start":{"line":90,"column":2},"end":{"line":99,"column":null}},{"start":{},"end":{}}],"line":90},"8":{"loc":{"start":{"line":90,"column":6},"end":{"line":90,"column":42}},"type":"binary-expr","locations":[{"start":{"line":90,"column":6},"end":{"line":90,"column":26}},{"start":{"line":90,"column":26},"end":{"line":90,"column":42}}],"line":90}},"s":{"0":10,"1":10,"2":10,"3":10,"4":10,"5":1,"6":9,"7":9,"8":10,"9":10,"10":10,"11":10,"12":5,"13":5,"14":2,"15":3,"16":10,"17":10,"18":10,"19":3,"20":7,"21":3,"22":4},"f":{"0":10,"1":5,"2":10},"b":{"0":[1,9],"1":[9,0],"2":[9,1],"3":[2,3],"4":[5,5],"5":[3,7],"6":[10,9,4,7,1],"7":[3,4],"8":[7,5]},"meta":{"lastBranch":9,"lastFunction":3,"lastStatement":23,"seen":{"s:26:18:54:Infinity":0,"f:26:18:26:33":0,"s:27:17:27:Infinity":1,"s:28:13:28:Infinity":2,"s:29:2:29:Infinity":3,"b:31:2:38:Infinity:undefined:undefined:undefined:undefined":0,"s:31:2:38:Infinity":4,"s:32:4:37:Infinity":5,"s:40:20:40:Infinity":6,"s:41:19:43:Infinity":7,"b:41:19:42:Infinity:43:6:43:Infinity":1,"b:42:7:42:61:42:61:42:65":2,"s:45:23:45:Infinity":8,"s:46:21:46:Infinity":9,"s:48:2:53:Infinity":10,"s:60:21:66:Infinity":11,"f:60:21:60:36":1,"s:61:18:61:Infinity":12,"b:62:2:64:Infinity:undefined:undefined:undefined:undefined":3,"s:62:2:64:Infinity":13,"b:62:6:62:30:62:30:62:42":4,"s:63:4:63:Infinity":14,"s:65:2:65:Infinity":15,"s:70:36:110:Infinity":16,"f:70:36:70:57":2,"s:71:14:71:Infinity":17,"b:74:2:87:Infinity:undefined:undefined:undefined:undefined":5,"s:74:2:87:Infinity":18,"b:75:4:75:Infinity:76:5:76:25:76:25:76:Infinity:77:5:77:23:77:23:77:Infinity":6,"s:79:4:86:Infinity":19,"b:90:2:99:Infinity:undefined:undefined:undefined:undefined":7,"s:90:2:99:Infinity":20,"b:90:6:90:26:90:26:90:42":8,"s:91:4:98:Infinity":21,"s:102:2:109:Infinity":22}}}
,"/home/gus/thecodergus.github.io/src/engine/transition.ts": {"path":"/home/gus/thecodergus.github.io/src/engine/transition.ts","statementMap":{"0":{"start":{"line":8,"column":0},"end":{"line":8,"column":null}},"1":{"start":{"line":9,"column":2},"end":{"line":9,"column":null}},"2":{"start":{"line":10,"column":2},"end":{"line":10,"column":null}},"3":{"start":{"line":11,"column":2},"end":{"line":11,"column":null}},"4":{"start":{"line":8,"column":5},"end":{"line":8,"column":null}},"5":{"start":{"line":16,"column":22},"end":{"line":16,"column":null}},"6":{"start":{"line":17,"column":18},"end":{"line":17,"column":null}},"7":{"start":{"line":30,"column":39},"end":{"line":141,"column":null}},"8":{"start":{"line":39,"column":33},"end":{"line":44,"column":null}},"9":{"start":{"line":46,"column":21},"end":{"line":61,"column":null}},"10":{"start":{"line":47,"column":4},"end":{"line":50,"column":null}},"11":{"start":{"line":48,"column":6},"end":{"line":48,"column":null}},"12":{"start":{"line":49,"column":6},"end":{"line":49,"column":null}},"13":{"start":{"line":52,"column":4},"end":{"line":52,"column":null}},"14":{"start":{"line":53,"column":4},"end":{"line":53,"column":null}},"15":{"start":{"line":54,"column":4},"end":{"line":54,"column":null}},"16":{"start":{"line":56,"column":4},"end":{"line":56,"column":null}},"17":{"start":{"line":58,"column":4},"end":{"line":60,"column":null}},"18":{"start":{"line":59,"column":6},"end":{"line":59,"column":null}},"19":{"start":{"line":63,"column":17},"end":{"line":108,"column":null}},"20":{"start":{"line":64,"column":4},"end":{"line":64,"column":null}},"21":{"start":{"line":64,"column":46},"end":{"line":64,"column":null}},"22":{"start":{"line":66,"column":4},"end":{"line":66,"column":null}},"23":{"start":{"line":68,"column":4},"end":{"line":107,"column":null}},"24":{"start":{"line":69,"column":23},"end":{"line":69,"column":null}},"25":{"start":{"line":70,"column":12},"end":{"line":70,"column":null}},"26":{"start":{"line":72,"column":6},"end":{"line":77,"column":null}},"27":{"start":{"line":73,"column":8},"end":{"line":73,"column":null}},"28":{"start":{"line":74,"column":8},"end":{"line":76,"column":null}},"29":{"start":{"line":75,"column":10},"end":{"line":75,"column":null}},"30":{"start":{"line":79,"column":6},"end":{"line":91,"column":null}},"31":{"start":{"line":80,"column":8},"end":{"line":82,"column":null}},"32":{"start":{"line":81,"column":10},"end":{"line":81,"column":null}},"33":{"start":{"line":83,"column":8},"end":{"line":83,"column":null}},"34":{"start":{"line":84,"column":8},"end":{"line":84,"column":null}},"35":{"start":{"line":85,"column":8},"end":{"line":85,"column":null}},"36":{"start":{"line":86,"column":8},"end":{"line":86,"column":null}},"37":{"start":{"line":88,"column":8},"end":{"line":90,"column":null}},"38":{"start":{"line":89,"column":10},"end":{"line":89,"column":null}},"39":{"start":{"line":92,"column":4},"end":{"line":107,"column":null}},"40":{"start":{"line":93,"column":23},"end":{"line":93,"column":null}},"41":{"start":{"line":94,"column":12},"end":{"line":94,"column":null}},"42":{"start":{"line":96,"column":6},"end":{"line":101,"column":null}},"43":{"start":{"line":97,"column":8},"end":{"line":97,"column":null}},"44":{"start":{"line":98,"column":8},"end":{"line":100,"column":null}},"45":{"start":{"line":99,"column":10},"end":{"line":99,"column":null}},"46":{"start":{"line":103,"column":6},"end":{"line":106,"column":null}},"47":{"start":{"line":104,"column":8},"end":{"line":104,"column":null}},"48":{"start":{"line":105,"column":8},"end":{"line":105,"column":null}},"49":{"start":{"line":110,"column":26},"end":{"line":111,"column":null}},"50":{"start":{"line":111,"column":4},"end":{"line":111,"column":null}},"51":{"start":{"line":113,"column":20},"end":{"line":114,"column":null}},"52":{"start":{"line":114,"column":4},"end":{"line":114,"column":null}},"53":{"start":{"line":116,"column":21},"end":{"line":132,"column":null}},"54":{"start":{"line":118,"column":4},"end":{"line":122,"column":null}},"55":{"start":{"line":119,"column":6},"end":{"line":119,"column":null}},"56":{"start":{"line":120,"column":6},"end":{"line":120,"column":null}},"57":{"start":{"line":121,"column":6},"end":{"line":121,"column":null}},"58":{"start":{"line":124,"column":4},"end":{"line":126,"column":null}},"59":{"start":{"line":125,"column":6},"end":{"line":125,"column":null}},"60":{"start":{"line":128,"column":4},"end":{"line":128,"column":null}},"61":{"start":{"line":129,"column":4},"end":{"line":129,"column":null}},"62":{"start":{"line":130,"column":4},"end":{"line":130,"column":null}},"63":{"start":{"line":131,"column":4},"end":{"line":131,"column":null}},"64":{"start":{"line":134,"column":2},"end":{"line":140,"column":null}}},"fnMap":{"0":{"name":"(anonymous_0)","decl":{"start":{"line":8,"column":0},"end":{"line":8,"column":5}},"loc":{"start":{"line":8,"column":0},"end":{"line":8,"column":null}},"line":8},"1":{"name":"(anonymous_1)","decl":{"start":{"line":30,"column":39},"end":{"line":30,"column":null}},"loc":{"start":{"line":38,"column":6},"end":{"line":141,"column":null}},"line":38},"2":{"name":"(anonymous_2)","decl":{"start":{"line":46,"column":21},"end":{"line":46,"column":22}},"loc":{"start":{"line":46,"column":74},"end":{"line":61,"column":null}},"line":46},"3":{"name":"(anonymous_3)","decl":{"start":{"line":63,"column":17},"end":{"line":63,"column":18}},"loc":{"start":{"line":63,"column":39},"end":{"line":108,"column":null}},"line":63},"4":{"name":"(anonymous_4)","decl":{"start":{"line":110,"column":26},"end":{"line":110,"column":null}},"loc":{"start":{"line":111,"column":4},"end":{"line":111,"column":null}},"line":111},"5":{"name":"(anonymous_5)","decl":{"start":{"line":113,"column":20},"end":{"line":113,"column":null}},"loc":{"start":{"line":114,"column":4},"end":{"line":114,"column":null}},"line":114},"6":{"name":"(anonymous_6)","decl":{"start":{"line":116,"column":21},"end":{"line":116,"column":22}},"loc":{"start":{"line":116,"column":51},"end":{"line":132,"column":null}},"line":116}},"branchMap":{"0":{"loc":{"start":{"line":8,"column":5},"end":{"line":8,"column":null}},"type":"binary-expr","locations":[{"start":{"line":8,"column":5},"end":{"line":8,"column":null}},{"start":{"line":8,"column":5},"end":{"line":8,"column":null}}],"line":8},"1":{"loc":{"start":{"line":47,"column":4},"end":{"line":50,"column":null}},"type":"if","locations":[{"start":{"line":47,"column":4},"end":{"line":50,"column":null}},{"start":{},"end":{}}],"line":47},"2":{"loc":{"start":{"line":47,"column":8},"end":{"line":47,"column":60}},"type":"binary-expr","locations":[{"start":{"line":47,"column":8},"end":{"line":47,"column":48}},{"start":{"line":47,"column":48},"end":{"line":47,"column":60}}],"line":47},"3":{"loc":{"start":{"line":58,"column":4},"end":{"line":60,"column":null}},"type":"if","locations":[{"start":{"line":58,"column":4},"end":{"line":60,"column":null}},{"start":{},"end":{}}],"line":58},"4":{"loc":{"start":{"line":64,"column":4},"end":{"line":64,"column":null}},"type":"if","locations":[{"start":{"line":64,"column":4},"end":{"line":64,"column":null}},{"start":{},"end":{}}],"line":64},"5":{"loc":{"start":{"line":68,"column":4},"end":{"line":107,"column":null}},"type":"if","locations":[{"start":{"line":68,"column":4},"end":{"line":107,"column":null}},{"start":{"line":92,"column":4},"end":{"line":107,"column":null}}],"line":68},"6":{"loc":{"start":{"line":72,"column":6},"end":{"line":77,"column":null}},"type":"if","locations":[{"start":{"line":72,"column":6},"end":{"line":77,"column":null}},{"start":{},"end":{}}],"line":72},"7":{"loc":{"start":{"line":74,"column":8},"end":{"line":76,"column":null}},"type":"if","locations":[{"start":{"line":74,"column":8},"end":{"line":76,"column":null}},{"start":{},"end":{}}],"line":74},"8":{"loc":{"start":{"line":79,"column":6},"end":{"line":91,"column":null}},"type":"if","locations":[{"start":{"line":79,"column":6},"end":{"line":91,"column":null}},{"start":{},"end":{}}],"line":79},"9":{"loc":{"start":{"line":80,"column":8},"end":{"line":82,"column":null}},"type":"if","locations":[{"start":{"line":80,"column":8},"end":{"line":82,"column":null}},{"start":{},"end":{}}],"line":80},"10":{"loc":{"start":{"line":88,"column":8},"end":{"line":90,"column":null}},"type":"if","locations":[{"start":{"line":88,"column":8},"end":{"line":90,"column":null}},{"start":{},"end":{}}],"line":88},"11":{"loc":{"start":{"line":92,"column":4},"end":{"line":107,"column":null}},"type":"if","locations":[{"start":{"line":92,"column":4},"end":{"line":107,"column":null}},{"start":{},"end":{}}],"line":92},"12":{"loc":{"start":{"line":96,"column":6},"end":{"line":101,"column":null}},"type":"if","locations":[{"start":{"line":96,"column":6},"end":{"line":101,"column":null}},{"start":{},"end":{}}],"line":96},"13":{"loc":{"start":{"line":98,"column":8},"end":{"line":100,"column":null}},"type":"if","locations":[{"start":{"line":98,"column":8},"end":{"line":100,"column":null}},{"start":{},"end":{}}],"line":98},"14":{"loc":{"start":{"line":103,"column":6},"end":{"line":106,"column":null}},"type":"if","locations":[{"start":{"line":103,"column":6},"end":{"line":106,"column":null}},{"start":{},"end":{}}],"line":103},"15":{"loc":{"start":{"line":118,"column":4},"end":{"line":122,"column":null}},"type":"if","locations":[{"start":{"line":118,"column":4},"end":{"line":122,"column":null}},{"start":{},"end":{}}],"line":118},"16":{"loc":{"start":{"line":118,"column":8},"end":{"line":118,"column":60}},"type":"binary-expr","locations":[{"start":{"line":118,"column":8},"end":{"line":118,"column":48}},{"start":{"line":118,"column":48},"end":{"line":118,"column":60}}],"line":118},"17":{"loc":{"start":{"line":124,"column":4},"end":{"line":126,"column":null}},"type":"if","locations":[{"start":{"line":124,"column":4},"end":{"line":126,"column":null}},{"start":{},"end":{}}],"line":124}},"s":{"0":1,"1":1,"2":1,"3":1,"4":1,"5":1,"6":1,"7":1,"8":18,"9":18,"10":26,"11":2,"12":2,"13":26,"14":26,"15":26,"16":26,"17":26,"18":7,"19":18,"20":39,"21":0,"22":39,"23":39,"24":23,"25":23,"26":23,"27":9,"28":9,"29":9,"30":23,"31":17,"32":5,"33":17,"34":17,"35":17,"36":17,"37":17,"38":17,"39":16,"40":16,"41":16,"42":16,"43":16,"44":16,"45":16,"46":16,"47":15,"48":15,"49":18,"50":14,"51":18,"52":12,"53":18,"54":3,"55":1,"56":1,"57":1,"58":3,"59":2,"60":3,"61":3,"62":3,"63":3,"64":18},"f":{"0":1,"1":18,"2":26,"3":39,"4":14,"5":12,"6":3},"b":{"0":[1,1],"1":[2,24],"2":[26,2],"3":[7,19],"4":[0,39],"5":[23,16],"6":[9,14],"7":[9,0],"8":[17,6],"9":[5,12],"10":[17,0],"11":[16,0],"12":[16,0],"13":[16,0],"14":[15,1],"15":[1,2],"16":[3,1],"17":[2,1]},"meta":{"lastBranch":18,"lastFunction":7,"lastStatement":65,"seen":{"s:8:0:8:Infinity":0,"f:8:0:8:5":0,"s:9:2:9:Infinity":1,"s:10:2:10:Infinity":2,"s:11:2:11:Infinity":3,"s:8:5:8:Infinity":4,"b:8:5:8:Infinity:8:5:8:Infinity":0,"s:16:22:16:Infinity":5,"s:17:18:17:Infinity":6,"s:30:39:141:Infinity":7,"f:30:39:30:Infinity":1,"s:39:33:44:Infinity":8,"s:46:21:61:Infinity":9,"f:46:21:46:22":2,"b:47:4:50:Infinity:undefined:undefined:undefined:undefined":1,"s:47:4:50:Infinity":10,"b:47:8:47:48:47:48:47:60":2,"s:48:6:48:Infinity":11,"s:49:6:49:Infinity":12,"s:52:4:52:Infinity":13,"s:53:4:53:Infinity":14,"s:54:4:54:Infinity":15,"s:56:4:56:Infinity":16,"b:58:4:60:Infinity:undefined:undefined:undefined:undefined":3,"s:58:4:60:Infinity":17,"s:59:6:59:Infinity":18,"s:63:17:108:Infinity":19,"f:63:17:63:18":3,"b:64:4:64:Infinity:undefined:undefined:undefined:undefined":4,"s:64:4:64:Infinity":20,"s:64:46:64:Infinity":21,"s:66:4:66:Infinity":22,"b:68:4:107:Infinity:92:4:107:Infinity":5,"s:68:4:107:Infinity":23,"s:69:23:69:Infinity":24,"s:70:12:70:Infinity":25,"b:72:6:77:Infinity:undefined:undefined:undefined:undefined":6,"s:72:6:77:Infinity":26,"s:73:8:73:Infinity":27,"b:74:8:76:Infinity:undefined:undefined:undefined:undefined":7,"s:74:8:76:Infinity":28,"s:75:10:75:Infinity":29,"b:79:6:91:Infinity:undefined:undefined:undefined:undefined":8,"s:79:6:91:Infinity":30,"b:80:8:82:Infinity:undefined:undefined:undefined:undefined":9,"s:80:8:82:Infinity":31,"s:81:10:81:Infinity":32,"s:83:8:83:Infinity":33,"s:84:8:84:Infinity":34,"s:85:8:85:Infinity":35,"s:86:8:86:Infinity":36,"b:88:8:90:Infinity:undefined:undefined:undefined:undefined":10,"s:88:8:90:Infinity":37,"s:89:10:89:Infinity":38,"b:92:4:107:Infinity:undefined:undefined:undefined:undefined":11,"s:92:4:107:Infinity":39,"s:93:23:93:Infinity":40,"s:94:12:94:Infinity":41,"b:96:6:101:Infinity:undefined:undefined:undefined:undefined":12,"s:96:6:101:Infinity":42,"s:97:8:97:Infinity":43,"b:98:8:100:Infinity:undefined:undefined:undefined:undefined":13,"s:98:8:100:Infinity":44,"s:99:10:99:Infinity":45,"b:103:6:106:Infinity:undefined:undefined:undefined:undefined":14,"s:103:6:106:Infinity":46,"s:104:8:104:Infinity":47,"s:105:8:105:Infinity":48,"s:110:26:111:Infinity":49,"f:110:26:110:Infinity":4,"s:111:4:111:Infinity":50,"s:113:20:114:Infinity":51,"f:113:20:113:Infinity":5,"s:114:4:114:Infinity":52,"s:116:21:132:Infinity":53,"f:116:21:116:22":6,"b:118:4:122:Infinity:undefined:undefined:undefined:undefined":15,"s:118:4:122:Infinity":54,"b:118:8:118:48:118:48:118:60":16,"s:119:6:119:Infinity":55,"s:120:6:120:Infinity":56,"s:121:6:121:Infinity":57,"b:124:4:126:Infinity:undefined:undefined:undefined:undefined":17,"s:124:4:126:Infinity":58,"s:125:6:125:Infinity":59,"s:128:4:128:Infinity":60,"s:129:4:129:Infinity":61,"s:130:4:130:Infinity":62,"s:131:4:131:Infinity":63,"s:134:2:140:Infinity":64}}}
,"/home/gus/thecodergus.github.io/src/engine/types.ts": {"path":"/home/gus/thecodergus.github.io/src/engine/types.ts","statementMap":{"0":{"start":{"line":7,"column":7},"end":{"line":7,"column":null}},"1":{"start":{"line":8,"column":2},"end":{"line":8,"column":null}},"2":{"start":{"line":9,"column":2},"end":{"line":9,"column":null}},"3":{"start":{"line":10,"column":2},"end":{"line":10,"column":null}},"4":{"start":{"line":11,"column":2},"end":{"line":11,"column":null}},"5":{"start":{"line":7,"column":12},"end":{"line":7,"column":null}}},"fnMap":{"0":{"name":"(anonymous_0)","decl":{"start":{"line":7,"column":7},"end":{"line":7,"column":12}},"loc":{"start":{"line":7,"column":7},"end":{"line":7,"column":null}},"line":7}},"branchMap":{"0":{"loc":{"start":{"line":7,"column":12},"end":{"line":7,"column":null}},"type":"binary-expr","locations":[{"start":{"line":7,"column":12},"end":{"line":7,"column":null}},{"start":{"line":7,"column":12},"end":{"line":7,"column":null}}],"line":7}},"s":{"0":4,"1":4,"2":4,"3":4,"4":4,"5":4},"f":{"0":4},"b":{"0":[4,4]},"meta":{"lastBranch":1,"lastFunction":1,"lastStatement":6,"seen":{"s:7:7:7:Infinity":0,"f:7:7:7:12":0,"s:8:2:8:Infinity":1,"s:9:2:9:Infinity":2,"s:10:2:10:Infinity":3,"s:11:2:11:Infinity":4,"s:7:12:7:Infinity":5,"b:7:12:7:Infinity:7:12:7:Infinity":0}}}
,"/home/gus/thecodergus.github.io/src/hooks/createVisibilityObserver.ts": {"path":"/home/gus/thecodergus.github.io/src/hooks/createVisibilityObserver.ts","statementMap":{"0":{"start":{"line":7,"column":32},"end":{"line":7,"column":null}},"1":{"start":{"line":9,"column":2},"end":{"line":23,"column":null}},"2":{"start":{"line":10,"column":15},"end":{"line":10,"column":null}},"3":{"start":{"line":11,"column":4},"end":{"line":11,"column":null}},"4":{"start":{"line":11,"column":13},"end":{"line":11,"column":null}},"5":{"start":{"line":13,"column":21},"end":{"line":18,"column":null}},"6":{"start":{"line":15,"column":8},"end":{"line":15,"column":null}},"7":{"start":{"line":15,"column":34},"end":{"line":15,"column":null}},"8":{"start":{"line":20,"column":4},"end":{"line":20,"column":null}},"9":{"start":{"line":22,"column":4},"end":{"line":22,"column":null}},"10":{"start":{"line":22,"column":20},"end":{"line":22,"column":41}},"11":{"start":{"line":25,"column":2},"end":{"line":25,"column":null}}},"fnMap":{"0":{"name":"createVisibilityObserver","decl":{"start":{"line":3,"column":16},"end":{"line":3,"column":null}},"loc":{"start":{"line":6,"column":2},"end":{"line":26,"column":null}},"line":6},"1":{"name":"(anonymous_1)","decl":{"start":{"line":9,"column":10},"end":{"line":9,"column":16}},"loc":{"start":{"line":9,"column":16},"end":{"line":23,"column":3}},"line":9},"2":{"name":"(anonymous_2)","decl":{"start":{"line":14,"column":6},"end":{"line":14,"column":7}},"loc":{"start":{"line":14,"column":19},"end":{"line":16,"column":null}},"line":14},"3":{"name":"(anonymous_3)","decl":{"start":{"line":22,"column":14},"end":{"line":22,"column":20}},"loc":{"start":{"line":22,"column":20},"end":{"line":22,"column":41}},"line":22}},"branchMap":{"0":{"loc":{"start":{"line":11,"column":4},"end":{"line":11,"column":null}},"type":"if","locations":[{"start":{"line":11,"column":4},"end":{"line":11,"column":null}},{"start":{},"end":{}}],"line":11},"1":{"loc":{"start":{"line":15,"column":8},"end":{"line":15,"column":null}},"type":"if","locations":[{"start":{"line":15,"column":8},"end":{"line":15,"column":null}},{"start":{},"end":{}}],"line":15},"2":{"loc":{"start":{"line":17,"column":19},"end":{"line":17,"column":36}},"type":"binary-expr","locations":[{"start":{"line":17,"column":19},"end":{"line":17,"column":32}},{"start":{"line":17,"column":32},"end":{"line":17,"column":36}}],"line":17}},"s":{"0":6,"1":6,"2":6,"3":6,"4":1,"5":5,"6":1,"7":1,"8":6,"9":6,"10":5,"11":6},"f":{"0":6,"1":6,"2":1,"3":5},"b":{"0":[1,5],"1":[1,0],"2":[5,3]},"meta":{"lastBranch":3,"lastFunction":4,"lastStatement":12,"seen":{"f:3:16:3:Infinity":0,"s:7:32:7:Infinity":0,"s:9:2:23:Infinity":1,"f:9:10:9:16":1,"s:10:15:10:Infinity":2,"b:11:4:11:Infinity:undefined:undefined:undefined:undefined":0,"s:11:4:11:Infinity":3,"s:11:13:11:Infinity":4,"s:13:21:18:Infinity":5,"f:14:6:14:7":2,"b:15:8:15:Infinity:undefined:undefined:undefined:undefined":1,"s:15:8:15:Infinity":6,"s:15:34:15:Infinity":7,"b:17:19:17:32:17:32:17:36":2,"s:20:4:20:Infinity":8,"s:22:4:22:Infinity":9,"f:22:14:22:20":3,"s:22:20:22:41":10,"s:25:2:25:Infinity":11}}}
,"/home/gus/thecodergus.github.io/src/hooks/socialIcons.ts": {"path":"/home/gus/thecodergus.github.io/src/hooks/socialIcons.ts","statementMap":{"0":{"start":{"line":8,"column":71},"end":{"line":12,"column":null}},"1":{"start":{"line":15,"column":2},"end":{"line":15,"column":null}}},"fnMap":{"0":{"name":"resolveSocialIcon","decl":{"start":{"line":14,"column":16},"end":{"line":14,"column":34}},"loc":{"start":{"line":14,"column":72},"end":{"line":16,"column":null}},"line":14}},"branchMap":{"0":{"loc":{"start":{"line":15,"column":9},"end":{"line":15,"column":null}},"type":"binary-expr","locations":[{"start":{"line":15,"column":9},"end":{"line":15,"column":34}},{"start":{"line":15,"column":34},"end":{"line":15,"column":null}}],"line":15}},"s":{"0":1,"1":8},"f":{"0":8},"b":{"0":[8,5]},"meta":{"lastBranch":1,"lastFunction":1,"lastStatement":2,"seen":{"s:8:71:12:Infinity":0,"f:14:16:14:34":0,"s:15:2:15:Infinity":1,"b:15:9:15:34:15:34:15:Infinity":0}}}
,"/home/gus/thecodergus.github.io/src/stores/i18nStore.tsx": {"path":"/home/gus/thecodergus.github.io/src/stores/i18nStore.tsx","statementMap":{"0":{"start":{"line":4,"column":20},"end":{"line":4,"column":null}},"1":{"start":{"line":7,"column":2},"end":{"line":7,"column":null}},"2":{"start":{"line":10,"column":34},"end":{"line":10,"column":null}},"3":{"start":{"line":11,"column":28},"end":{"line":11,"column":null}},"4":{"start":{"line":12,"column":32},"end":{"line":12,"column":null}},"5":{"start":{"line":13,"column":32},"end":{"line":13,"column":null}},"6":{"start":{"line":16,"column":2},"end":{"line":16,"column":null}},"7":{"start":{"line":17,"column":2},"end":{"line":26,"column":null}},"8":{"start":{"line":18,"column":4},"end":{"line":18,"column":null}},"9":{"start":{"line":19,"column":4},"end":{"line":19,"column":null}},"10":{"start":{"line":20,"column":4},"end":{"line":25,"column":null}},"11":{"start":{"line":21,"column":24},"end":{"line":21,"column":43}},"12":{"start":{"line":21,"column":43},"end":{"line":21,"column":64}},"13":{"start":{"line":23,"column":8},"end":{"line":23,"column":null}},"14":{"start":{"line":24,"column":8},"end":{"line":24,"column":null}},"15":{"start":{"line":29,"column":22},"end":{"line":33,"column":null}},"16":{"start":{"line":30,"column":19},"end":{"line":30,"column":null}},"17":{"start":{"line":31,"column":2},"end":{"line":31,"column":null}},"18":{"start":{"line":31,"column":20},"end":{"line":31,"column":null}},"19":{"start":{"line":32,"column":2},"end":{"line":32,"column":null}},"20":{"start":{"line":35,"column":24},"end":{"line":39,"column":null}},"21":{"start":{"line":36,"column":19},"end":{"line":36,"column":null}},"22":{"start":{"line":37,"column":2},"end":{"line":37,"column":null}},"23":{"start":{"line":37,"column":20},"end":{"line":37,"column":null}},"24":{"start":{"line":38,"column":2},"end":{"line":38,"column":null}},"25":{"start":{"line":42,"column":15},"end":{"line":42,"column":null}},"26":{"start":{"line":43,"column":2},"end":{"line":43,"column":null}},"27":{"start":{"line":43,"column":13},"end":{"line":43,"column":null}},"28":{"start":{"line":45,"column":15},"end":{"line":45,"column":null}},"29":{"start":{"line":46,"column":23},"end":{"line":46,"column":null}},"30":{"start":{"line":47,"column":2},"end":{"line":53,"column":null}},"31":{"start":{"line":48,"column":4},"end":{"line":52,"column":null}},"32":{"start":{"line":49,"column":6},"end":{"line":49,"column":null}},"33":{"start":{"line":51,"column":6},"end":{"line":51,"column":null}},"34":{"start":{"line":54,"column":2},"end":{"line":54,"column":null}},"35":{"start":{"line":68,"column":13},"end":{"line":68,"column":null}},"36":{"start":{"line":71,"column":8},"end":{"line":71,"column":null}},"37":{"start":{"line":72,"column":2},"end":{"line":72,"column":null}},"38":{"start":{"line":72,"column":16},"end":{"line":72,"column":null}},"39":{"start":{"line":73,"column":2},"end":{"line":73,"column":null}},"40":{"start":{"line":76,"column":16},"end":{"line":119,"column":null}},"41":{"start":{"line":77,"column":2},"end":{"line":103,"column":null}},"42":{"start":{"line":78,"column":4},"end":{"line":83,"column":null}},"43":{"start":{"line":79,"column":24},"end":{"line":79,"column":55}},"44":{"start":{"line":79,"column":34},"end":{"line":79,"column":55}},"45":{"start":{"line":81,"column":8},"end":{"line":81,"column":null}},"46":{"start":{"line":82,"column":8},"end":{"line":82,"column":null}},"47":{"start":{"line":85,"column":4},"end":{"line":90,"column":null}},"48":{"start":{"line":86,"column":21},"end":{"line":86,"column":null}},"49":{"start":{"line":87,"column":6},"end":{"line":89,"column":null}},"50":{"start":{"line":88,"column":8},"end":{"line":88,"column":null}},"51":{"start":{"line":92,"column":17},"end":{"line":92,"column":null}},"52":{"start":{"line":94,"column":4},"end":{"line":102,"column":null}},"53":{"start":{"line":96,"column":8},"end":{"line":96,"column":null}},"54":{"start":{"line":97,"column":8},"end":{"line":97,"column":null}},"55":{"start":{"line":100,"column":8},"end":{"line":100,"column":null}},"56":{"start":{"line":101,"column":8},"end":{"line":101,"column":null}},"57":{"start":{"line":105,"column":34},"end":{"line":112,"column":null}},"58":{"start":{"line":114,"column":2},"end":{"line":116,"column":null}},"59":{"start":{"line":115,"column":38},"end":{"line":116,"column":21}},"60":{"start":{"line":119,"column":1},"end":{"line":119,"column":null}}},"fnMap":{"0":{"name":"getInitialLanguage","decl":{"start":{"line":6,"column":9},"end":{"line":6,"column":40}},"loc":{"start":{"line":6,"column":40},"end":{"line":8,"column":null}},"line":6},"1":{"name":"setLanguage","decl":{"start":{"line":15,"column":16},"end":{"line":15,"column":28}},"loc":{"start":{"line":15,"column":44},"end":{"line":27,"column":null}},"line":15},"2":{"name":"(anonymous_2)","decl":{"start":{"line":21,"column":13},"end":{"line":21,"column":22}},"loc":{"start":{"line":21,"column":22},"end":{"line":21,"column":65}},"line":21},"3":{"name":"(anonymous_3)","decl":{"start":{"line":22,"column":14},"end":{"line":22,"column":22}},"loc":{"start":{"line":22,"column":22},"end":{"line":25,"column":7}},"line":22},"4":{"name":"(anonymous_4)","decl":{"start":{"line":29,"column":22},"end":{"line":29,"column":29}},"loc":{"start":{"line":29,"column":67},"end":{"line":33,"column":null}},"line":29},"5":{"name":"(anonymous_5)","decl":{"start":{"line":35,"column":24},"end":{"line":35,"column":57}},"loc":{"start":{"line":35,"column":57},"end":{"line":39,"column":null}},"line":35},"6":{"name":"t","decl":{"start":{"line":41,"column":16},"end":{"line":41,"column":18}},"loc":{"start":{"line":41,"column":62},"end":{"line":55,"column":null}},"line":41},"7":{"name":"useI18n","decl":{"start":{"line":70,"column":16},"end":{"line":70,"column":26}},"loc":{"start":{"line":70,"column":26},"end":{"line":74,"column":null}},"line":70},"8":{"name":"I18nProvider2","decl":{"start":{"line":76,"column":16},"end":{"line":76,"column":28}},"loc":{"start":{"line":76,"column":63},"end":{"line":119,"column":1}},"line":76},"9":{"name":"(anonymous_9)","decl":{"start":{"line":77,"column":10},"end":{"line":77,"column":16}},"loc":{"start":{"line":77,"column":16},"end":{"line":103,"column":3}},"line":77},"10":{"name":"(anonymous_10)","decl":{"start":{"line":79,"column":13},"end":{"line":79,"column":22}},"loc":{"start":{"line":79,"column":22},"end":{"line":79,"column":56}},"line":79},"11":{"name":"(anonymous_11)","decl":{"start":{"line":80,"column":14},"end":{"line":80,"column":22}},"loc":{"start":{"line":80,"column":22},"end":{"line":83,"column":7}},"line":80},"12":{"name":"(anonymous_12)","decl":{"start":{"line":95,"column":13},"end":{"line":95,"column":22}},"loc":{"start":{"line":95,"column":22},"end":{"line":98,"column":7}},"line":95},"13":{"name":"(anonymous_13)","decl":{"start":{"line":99,"column":14},"end":{"line":99,"column":22}},"loc":{"start":{"line":99,"column":22},"end":{"line":102,"column":7}},"line":99},"14":{"name":"(anonymous_14)","decl":{"start":{"line":115,"column":38},"end":{"line":115,"column":null}},"loc":{"start":{"line":115,"column":38},"end":{"line":116,"column":null}},"line":115}},"branchMap":{"0":{"loc":{"start":{"line":17,"column":2},"end":{"line":26,"column":null}},"type":"if","locations":[{"start":{"line":17,"column":2},"end":{"line":26,"column":null}},{"start":{},"end":{}}],"line":17},"1":{"loc":{"start":{"line":31,"column":2},"end":{"line":31,"column":null}},"type":"if","locations":[{"start":{"line":31,"column":2},"end":{"line":31,"column":null}},{"start":{},"end":{}}],"line":31},"2":{"loc":{"start":{"line":37,"column":2},"end":{"line":37,"column":null}},"type":"if","locations":[{"start":{"line":37,"column":2},"end":{"line":37,"column":null}},{"start":{},"end":{}}],"line":37},"3":{"loc":{"start":{"line":43,"column":2},"end":{"line":43,"column":null}},"type":"if","locations":[{"start":{"line":43,"column":2},"end":{"line":43,"column":null}},{"start":{},"end":{}}],"line":43},"4":{"loc":{"start":{"line":43,"column":20},"end":{"line":43,"column":null}},"type":"binary-expr","locations":[{"start":{"line":43,"column":20},"end":{"line":43,"column":36}},{"start":{"line":43,"column":36},"end":{"line":43,"column":null}}],"line":43},"5":{"loc":{"start":{"line":48,"column":4},"end":{"line":52,"column":null}},"type":"if","locations":[{"start":{"line":48,"column":4},"end":{"line":52,"column":null}},{"start":{"line":50,"column":11},"end":{"line":52,"column":null}}],"line":48},"6":{"loc":{"start":{"line":48,"column":8},"end":{"line":48,"column":58}},"type":"binary-expr","locations":[{"start":{"line":48,"column":8},"end":{"line":48,"column":17}},{"start":{"line":48,"column":17},"end":{"line":48,"column":46}},{"start":{"line":48,"column":46},"end":{"line":48,"column":58}}],"line":48},"7":{"loc":{"start":{"line":51,"column":13},"end":{"line":51,"column":null}},"type":"binary-expr","locations":[{"start":{"line":51,"column":13},"end":{"line":51,"column":29}},{"start":{"line":51,"column":29},"end":{"line":51,"column":null}}],"line":51},"8":{"loc":{"start":{"line":54,"column":9},"end":{"line":54,"column":null}},"type":"cond-expr","locations":[{"start":{"line":54,"column":37},"end":{"line":54,"column":45}},{"start":{"line":54,"column":45},"end":{"line":54,"column":null}}],"line":54},"9":{"loc":{"start":{"line":54,"column":45},"end":{"line":54,"column":null}},"type":"binary-expr","locations":[{"start":{"line":54,"column":45},"end":{"line":54,"column":61}},{"start":{"line":54,"column":61},"end":{"line":54,"column":null}}],"line":54},"10":{"loc":{"start":{"line":72,"column":2},"end":{"line":72,"column":null}},"type":"if","locations":[{"start":{"line":72,"column":2},"end":{"line":72,"column":null}},{"start":{},"end":{}}],"line":72},"11":{"loc":{"start":{"line":79,"column":24},"end":{"line":79,"column":55}},"type":"if","locations":[{"start":{"line":79,"column":24},"end":{"line":79,"column":55}},{"start":{},"end":{}}],"line":79},"12":{"loc":{"start":{"line":85,"column":4},"end":{"line":90,"column":null}},"type":"if","locations":[{"start":{"line":85,"column":4},"end":{"line":90,"column":null}},{"start":{},"end":{}}],"line":85},"13":{"loc":{"start":{"line":87,"column":6},"end":{"line":89,"column":null}},"type":"if","locations":[{"start":{"line":87,"column":6},"end":{"line":89,"column":null}},{"start":{},"end":{}}],"line":87},"14":{"loc":{"start":{"line":87,"column":10},"end":{"line":87,"column":87}},"type":"binary-expr","locations":[{"start":{"line":87,"column":10},"end":{"line":87,"column":20}},{"start":{"line":87,"column":20},"end":{"line":87,"column":64}},{"start":{"line":87,"column":64},"end":{"line":87,"column":87}}],"line":87},"15":{"loc":{"start":{"line":119,"column":1},"end":{"line":119,"column":null}},"type":"if","locations":[{"start":{"line":119,"column":1},"end":{"line":119,"column":null}},{"start":{},"end":{}}],"line":119}},"s":{"0":18,"1":18,"2":18,"3":18,"4":18,"5":18,"6":12,"7":12,"8":12,"9":12,"10":12,"11":11,"12":11,"13":1,"14":1,"15":18,"16":12,"17":12,"18":1,"19":11,"20":18,"21":0,"22":0,"23":0,"24":0,"25":11,"26":11,"27":2,"28":9,"29":9,"30":9,"31":20,"32":17,"33":3,"34":6,"35":18,"36":4,"37":4,"38":0,"39":4,"40":18,"41":0,"42":0,"43":0,"44":0,"45":0,"46":0,"47":0,"48":0,"49":0,"50":0,"51":0,"52":0,"53":0,"54":0,"55":0,"56":0,"57":0,"58":0,"59":0,"60":18},"f":{"0":18,"1":12,"2":11,"3":1,"4":12,"5":0,"6":11,"7":4,"8":0,"9":0,"10":0,"11":0,"12":0,"13":0,"14":0},"b":{"0":[12,0],"1":[1,11],"2":[0,0],"3":[2,9],"4":[2,1],"5":[17,3],"6":[20,20,19],"7":[3,1],"8":[5,1],"9":[1,0],"10":[0,4],"11":[0,0],"12":[0,0],"13":[0,0],"14":[0,0,0],"15":[18,0]},"meta":{"lastBranch":16,"lastFunction":15,"lastStatement":61,"seen":{"s:4:20:4:Infinity":0,"f:6:9:6:40":0,"s:7:2:7:Infinity":1,"s:10:34:10:Infinity":2,"s:11:28:11:Infinity":3,"s:12:32:12:Infinity":4,"s:13:32:13:Infinity":5,"f:15:16:15:28":1,"s:16:2:16:Infinity":6,"b:17:2:26:Infinity:undefined:undefined:undefined:undefined":0,"s:17:2:26:Infinity":7,"s:18:4:18:Infinity":8,"s:19:4:19:Infinity":9,"s:20:4:25:Infinity":10,"f:21:13:21:22":2,"s:21:24:21:43":11,"s:21:43:21:64":12,"f:22:14:22:22":3,"s:23:8:23:Infinity":13,"s:24:8:24:Infinity":14,"s:29:22:33:Infinity":15,"f:29:22:29:29":4,"s:30:19:30:Infinity":16,"b:31:2:31:Infinity:undefined:undefined:undefined:undefined":1,"s:31:2:31:Infinity":17,"s:31:20:31:Infinity":18,"s:32:2:32:Infinity":19,"s:35:24:39:Infinity":20,"f:35:24:35:57":5,"s:36:19:36:Infinity":21,"b:37:2:37:Infinity:undefined:undefined:undefined:undefined":2,"s:37:2:37:Infinity":22,"s:37:20:37:Infinity":23,"s:38:2:38:Infinity":24,"f:41:16:41:18":6,"s:42:15:42:Infinity":25,"b:43:2:43:Infinity:undefined:undefined:undefined:undefined":3,"s:43:2:43:Infinity":26,"s:43:13:43:Infinity":27,"b:43:20:43:36:43:36:43:Infinity":4,"s:45:15:45:Infinity":28,"s:46:23:46:Infinity":29,"s:47:2:53:Infinity":30,"b:48:4:52:Infinity:50:11:52:Infinity":5,"s:48:4:52:Infinity":31,"b:48:8:48:17:48:17:48:46:48:46:48:58":6,"s:49:6:49:Infinity":32,"s:51:6:51:Infinity":33,"b:51:13:51:29:51:29:51:Infinity":7,"s:54:2:54:Infinity":34,"b:54:37:54:45:54:45:54:Infinity":8,"b:54:45:54:61:54:61:54:Infinity":9,"s:68:13:68:Infinity":35,"f:70:16:70:26":7,"s:71:8:71:Infinity":36,"b:72:2:72:Infinity:undefined:undefined:undefined:undefined":10,"s:72:2:72:Infinity":37,"s:72:16:72:Infinity":38,"s:73:2:73:Infinity":39,"s:76:16:119:Infinity":40,"f:76:16:76:28":8,"s:77:2:103:Infinity":41,"f:77:10:77:16":9,"s:78:4:83:Infinity":42,"f:79:13:79:22":10,"b:79:24:79:55:undefined:undefined:undefined:undefined":11,"s:79:24:79:55":43,"s:79:34:79:55":44,"f:80:14:80:22":11,"s:81:8:81:Infinity":45,"s:82:8:82:Infinity":46,"b:85:4:90:Infinity:undefined:undefined:undefined:undefined":12,"s:85:4:90:Infinity":47,"s:86:21:86:Infinity":48,"b:87:6:89:Infinity:undefined:undefined:undefined:undefined":13,"s:87:6:89:Infinity":49,"b:87:10:87:20:87:20:87:64:87:64:87:87":14,"s:88:8:88:Infinity":50,"s:92:17:92:Infinity":51,"s:94:4:102:Infinity":52,"f:95:13:95:22":12,"s:96:8:96:Infinity":53,"s:97:8:97:Infinity":54,"f:99:14:99:22":13,"s:100:8:100:Infinity":55,"s:101:8:101:Infinity":56,"s:105:34:112:Infinity":57,"s:114:2:116:Infinity":58,"f:115:38:115:Infinity":14,"s:115:38:116:21":59,"b:119:1:119:Infinity:undefined:undefined:undefined:undefined":15,"s:119:1:119:Infinity":60}}}
,"/home/gus/thecodergus.github.io/src/stores/themeStore.ts": {"path":"/home/gus/thecodergus.github.io/src/stores/themeStore.ts","statementMap":{"0":{"start":{"line":4,"column":20},"end":{"line":4,"column":null}},"1":{"start":{"line":15,"column":35},"end":{"line":20,"column":null}},"2":{"start":{"line":23,"column":2},"end":{"line":23,"column":null}},"3":{"start":{"line":26,"column":28},"end":{"line":26,"column":null}},"4":{"start":{"line":28,"column":0},"end":{"line":33,"column":null}},"5":{"start":{"line":29,"column":2},"end":{"line":32,"column":null}},"6":{"start":{"line":30,"column":4},"end":{"line":30,"column":null}},"7":{"start":{"line":31,"column":4},"end":{"line":31,"column":null}},"8":{"start":{"line":37,"column":2},"end":{"line":37,"column":null}}},"fnMap":{"0":{"name":"getInitialTheme","decl":{"start":{"line":22,"column":9},"end":{"line":22,"column":38}},"loc":{"start":{"line":22,"column":38},"end":{"line":24,"column":null}},"line":22},"1":{"name":"(anonymous_1)","decl":{"start":{"line":28,"column":13},"end":{"line":28,"column":19}},"loc":{"start":{"line":28,"column":19},"end":{"line":33,"column":1}},"line":28},"2":{"name":"setTheme","decl":{"start":{"line":36,"column":16},"end":{"line":36,"column":25}},"loc":{"start":{"line":36,"column":40},"end":{"line":38,"column":null}},"line":36}},"branchMap":{"0":{"loc":{"start":{"line":29,"column":2},"end":{"line":32,"column":null}},"type":"if","locations":[{"start":{"line":29,"column":2},"end":{"line":32,"column":null}},{"start":{},"end":{}}],"line":29}},"s":{"0":2,"1":2,"2":2,"3":2,"4":2,"5":2,"6":2,"7":2,"8":0},"f":{"0":2,"1":2,"2":0},"b":{"0":[2,0]},"meta":{"lastBranch":1,"lastFunction":3,"lastStatement":9,"seen":{"s:4:20:4:Infinity":0,"s:15:35:20:Infinity":1,"f:22:9:22:38":0,"s:23:2:23:Infinity":2,"s:26:28:26:Infinity":3,"s:28:0:33:Infinity":4,"f:28:13:28:19":1,"b:29:2:32:Infinity:undefined:undefined:undefined:undefined":0,"s:29:2:32:Infinity":5,"s:30:4:30:Infinity":6,"s:31:4:31:Infinity":7,"f:36:16:36:25":2,"s:37:2:37:Infinity":8}}}
,"/home/gus/thecodergus.github.io/src/themes/registry.ts": {"path":"/home/gus/thecodergus.github.io/src/themes/registry.ts","statementMap":{"0":{"start":{"line":8,"column":66},"end":{"line":13,"column":null}},"1":{"start":{"line":9,"column":33},"end":{"line":9,"column":null}},"2":{"start":{"line":9,"column":69},"end":{"line":9,"column":null}},"3":{"start":{"line":10,"column":33},"end":{"line":10,"column":null}},"4":{"start":{"line":10,"column":77},"end":{"line":10,"column":null}},"5":{"start":{"line":11,"column":33},"end":{"line":11,"column":null}},"6":{"start":{"line":11,"column":75},"end":{"line":11,"column":null}},"7":{"start":{"line":12,"column":33},"end":{"line":12,"column":null}},"8":{"start":{"line":12,"column":70},"end":{"line":12,"column":null}},"9":{"start":{"line":15,"column":20},"end":{"line":15,"column":null}},"10":{"start":{"line":18,"column":17},"end":{"line":18,"column":null}},"11":{"start":{"line":19,"column":2},"end":{"line":19,"column":null}},"12":{"start":{"line":19,"column":14},"end":{"line":19,"column":null}},"13":{"start":{"line":21,"column":17},"end":{"line":21,"column":null}},"14":{"start":{"line":22,"column":2},"end":{"line":22,"column":null}},"15":{"start":{"line":22,"column":15},"end":{"line":22,"column":null}},"16":{"start":{"line":24,"column":47},"end":{"line":28,"column":null}},"17":{"start":{"line":25,"column":4},"end":{"line":25,"column":null}},"18":{"start":{"line":26,"column":4},"end":{"line":26,"column":null}},"19":{"start":{"line":27,"column":4},"end":{"line":27,"column":null}},"20":{"start":{"line":29,"column":2},"end":{"line":29,"column":null}},"21":{"start":{"line":30,"column":2},"end":{"line":30,"column":null}}},"fnMap":{"0":{"name":"(anonymous_0)","decl":{"start":{"line":9,"column":27},"end":{"line":9,"column":33}},"loc":{"start":{"line":9,"column":33},"end":{"line":9,"column":null}},"line":9},"1":{"name":"(anonymous_1)","decl":{"start":{"line":9,"column":69},"end":{"line":9,"column":null}},"loc":{"start":{"line":9,"column":69},"end":{"line":9,"column":null}},"line":9},"2":{"name":"(anonymous_2)","decl":{"start":{"line":10,"column":27},"end":{"line":10,"column":33}},"loc":{"start":{"line":10,"column":33},"end":{"line":10,"column":null}},"line":10},"3":{"name":"(anonymous_3)","decl":{"start":{"line":10,"column":77},"end":{"line":10,"column":null}},"loc":{"start":{"line":10,"column":77},"end":{"line":10,"column":null}},"line":10},"4":{"name":"(anonymous_4)","decl":{"start":{"line":11,"column":27},"end":{"line":11,"column":33}},"loc":{"start":{"line":11,"column":33},"end":{"line":11,"column":null}},"line":11},"5":{"name":"(anonymous_5)","decl":{"start":{"line":11,"column":75},"end":{"line":11,"column":null}},"loc":{"start":{"line":11,"column":75},"end":{"line":11,"column":null}},"line":11},"6":{"name":"(anonymous_6)","decl":{"start":{"line":12,"column":27},"end":{"line":12,"column":33}},"loc":{"start":{"line":12,"column":33},"end":{"line":12,"column":null}},"line":12},"7":{"name":"(anonymous_7)","decl":{"start":{"line":12,"column":70},"end":{"line":12,"column":null}},"loc":{"start":{"line":12,"column":70},"end":{"line":12,"column":null}},"line":12},"8":{"name":"loadTheme","decl":{"start":{"line":17,"column":22},"end":{"line":17,"column":32}},"loc":{"start":{"line":17,"column":76},"end":{"line":31,"column":null}},"line":17},"9":{"name":"(anonymous_9)","decl":{"start":{"line":24,"column":62},"end":{"line":24,"column":63}},"loc":{"start":{"line":24,"column":71},"end":{"line":28,"column":3}},"line":24}},"branchMap":{"0":{"loc":{"start":{"line":19,"column":2},"end":{"line":19,"column":null}},"type":"if","locations":[{"start":{"line":19,"column":2},"end":{"line":19,"column":null}},{"start":{},"end":{}}],"line":19},"1":{"loc":{"start":{"line":22,"column":2},"end":{"line":22,"column":null}},"type":"if","locations":[{"start":{"line":22,"column":2},"end":{"line":22,"column":null}},{"start":{},"end":{}}],"line":22}},"s":{"0":1,"1":0,"2":0,"3":0,"4":0,"5":0,"6":0,"7":0,"8":0,"9":1,"10":0,"11":0,"12":0,"13":0,"14":0,"15":0,"16":0,"17":0,"18":0,"19":0,"20":0,"21":0},"f":{"0":0,"1":0,"2":0,"3":0,"4":0,"5":0,"6":0,"7":0,"8":0,"9":0},"b":{"0":[0,0],"1":[0,0]},"meta":{"lastBranch":2,"lastFunction":10,"lastStatement":22,"seen":{"s:8:66:13:Infinity":0,"f:9:27:9:33":0,"s:9:33:9:Infinity":1,"f:9:69:9:Infinity":1,"s:9:69:9:Infinity":2,"f:10:27:10:33":2,"s:10:33:10:Infinity":3,"f:10:77:10:Infinity":3,"s:10:77:10:Infinity":4,"f:11:27:11:33":4,"s:11:33:11:Infinity":5,"f:11:75:11:Infinity":5,"s:11:75:11:Infinity":6,"f:12:27:12:33":6,"s:12:33:12:Infinity":7,"f:12:70:12:Infinity":7,"s:12:70:12:Infinity":8,"s:15:20:15:Infinity":9,"f:17:22:17:32":8,"s:18:17:18:Infinity":10,"b:19:2:19:Infinity:undefined:undefined:undefined:undefined":0,"s:19:2:19:Infinity":11,"s:19:14:19:Infinity":12,"s:21:17:21:Infinity":13,"b:22:2:22:Infinity:undefined:undefined:undefined:undefined":1,"s:22:2:22:Infinity":14,"s:22:15:22:Infinity":15,"s:24:47:28:Infinity":16,"f:24:62:24:63":9,"s:25:4:25:Infinity":17,"s:26:4:26:Infinity":18,"s:27:4:27:Infinity":19,"s:29:2:29:Infinity":20,"s:30:2:30:Infinity":21}}}
}
